-------------------------------------------------------------------------------
Test set: com.example.demo.WechatBackEndApplicationTests
-------------------------------------------------------------------------------
Tests run: 1, Failures: 0, Errors: 1, Skipped: 0, Time elapsed: 0.417 s <<< FAILURE! - in com.example.demo.WechatBackEndApplicationTests
initializationError(com.example.demo.WechatBackEndApplicationTests)  Time elapsed: 0.004 s  <<< ERROR!
java.lang.IllegalStateException: Unable to find a @SpringBootConfiguration, you need to use @ContextConfiguration or @SpringBootTest(classes=...) with your test

